Compiling the C compiler identification source file "CMakeCCompilerId.c" failed.
Compiler: /Library/Developer/CommandLineTools/usr/bin/cc 
Build flags: 
Id flags:  

The output was:
1
ld: library not found for -lSystem
clang: error: linker command failed with exit code 1 (use -v to see invocation)


The C compiler identification could not be found in "/Volumes/USB FLASH/Asus-ZenBook/CLionProjects/TiiT_Biconetced_graph(Edge_list)/cmake-build-debug/CMakeFiles/3.24.2/CompilerIdC/._CMakeCCompilerId.c"

The C compiler identification could not be found in "/Volumes/USB FLASH/Asus-ZenBook/CLionProjects/TiiT_Biconetced_graph(Edge_list)/cmake-build-debug/CMakeFiles/3.24.2/CompilerIdC/._CMakeCCompilerId.o"

The C compiler identification could not be found in "/Volumes/USB FLASH/Asus-ZenBook/CLionProjects/TiiT_Biconetced_graph(Edge_list)/cmake-build-debug/CMakeFiles/3.24.2/CompilerIdC/._tmp"

Compiling the CXX compiler identification source file "CMakeCXXCompilerId.cpp" failed.
Compiler: /Library/Developer/CommandLineTools/usr/bin/c++ 
Build flags: 
Id flags:  

The output was:
1
ld: library not found for -lc++
clang: error: linker command failed with exit code 1 (use -v to see invocation)


The CXX compiler identification could not be found in "/Volumes/USB FLASH/Asus-ZenBook/CLionProjects/TiiT_Biconetced_graph(Edge_list)/cmake-build-debug/CMakeFiles/3.24.2/CompilerIdCXX/._CMakeCXXCompilerId.cpp"

The CXX compiler identification could not be found in "/Volumes/USB FLASH/Asus-ZenBook/CLionProjects/TiiT_Biconetced_graph(Edge_list)/cmake-build-debug/CMakeFiles/3.24.2/CompilerIdCXX/._CMakeCXXCompilerId.o"

The CXX compiler identification could not be found in "/Volumes/USB FLASH/Asus-ZenBook/CLionProjects/TiiT_Biconetced_graph(Edge_list)/cmake-build-debug/CMakeFiles/3.24.2/CompilerIdCXX/._tmp"

